2025-04-08T12:38:21.530-04:00  INFO 97542 --- [dataverse-hub] [restartedMain] e.h.i.d.DataverseHubApplication          : Starting DataverseHubApplication using Java 21.0.6 with PID 97542 (/Users/jptosca/REP/IQSS/dataverse-hub/target/classes started by jptosca in /Users/jptosca/REP/IQSS/dataverse-hub)
2025-04-08T12:38:21.530-04:00  INFO 97542 --- [dataverse-hub] [restartedMain] e.h.i.d.DataverseHubApplication          : No active profile set, falling back to 1 default profile: "default"
2025-04-08T12:38:21.619-04:00  INFO 97542 --- [dataverse-hub] [restartedMain] .s.d.r.c.RepositoryConfigurationDelegate : Bootstrapping Spring Data JPA repositories in DEFAULT mode.
2025-04-08T12:38:21.627-04:00  INFO 97542 --- [dataverse-hub] [restartedMain] .s.d.r.c.RepositoryConfigurationDelegate : Finished Spring Data repository scanning in 7 ms. Found 8 JPA repository interfaces.
2025-04-08T12:38:21.660-04:00  INFO 97542 --- [dataverse-hub] [restartedMain] o.s.b.w.embedded.tomcat.TomcatWebServer  : Tomcat initialized with port 8080 (http)
2025-04-08T12:38:21.661-04:00  INFO 97542 --- [dataverse-hub] [restartedMain] o.apache.catalina.core.StandardService   : Starting service [Tomcat]
2025-04-08T12:38:21.661-04:00  INFO 97542 --- [dataverse-hub] [restartedMain] o.apache.catalina.core.StandardEngine    : Starting Servlet engine: [Apache Tomcat/10.1.34]
2025-04-08T12:38:21.665-04:00  INFO 97542 --- [dataverse-hub] [restartedMain] o.a.c.c.C.[Tomcat-15].[localhost].[/]    : Initializing Spring embedded WebApplicationContext
2025-04-08T12:38:21.665-04:00  INFO 97542 --- [dataverse-hub] [restartedMain] w.s.c.ServletWebServerApplicationContext : Root WebApplicationContext: initialization completed in 134 ms
2025-04-08T12:38:21.685-04:00  INFO 97542 --- [dataverse-hub] [restartedMain] .e.s.o.t.o.p.UpfrontAllocatingPageSource : Allocating 10.0MB in chunks
2025-04-08T12:38:21.687-04:00  INFO 97542 --- [dataverse-hub] [restartedMain] org.ehcache.core.EhcacheManager          : Cache 'installationsMetricsMonthly' created in EhcacheManager.
2025-04-08T12:38:21.688-04:00  INFO 97542 --- [dataverse-hub] [restartedMain] .e.s.o.t.o.p.UpfrontAllocatingPageSource : Allocating 10.0MB in chunks
2025-04-08T12:38:21.689-04:00  INFO 97542 --- [dataverse-hub] [restartedMain] org.ehcache.core.EhcacheManager          : Cache 'installationsStatus' created in EhcacheManager.
2025-04-08T12:38:21.691-04:00  INFO 97542 --- [dataverse-hub] [restartedMain] org.ehcache.jsr107.Eh107CacheManager     : Registering Ehcache MBean javax.cache:type=CacheStatistics,CacheManager=file./Users/jptosca/REP/IQSS/dataverse-hub/target/classes/ehcache.xml,Cache=installationsMetricsMonthly
2025-04-08T12:38:21.691-04:00  INFO 97542 --- [dataverse-hub] [restartedMain] org.ehcache.jsr107.Eh107CacheManager     : Registering Ehcache MBean javax.cache:type=CacheStatistics,CacheManager=file./Users/jptosca/REP/IQSS/dataverse-hub/target/classes/ehcache.xml,Cache=installationsStatus
2025-04-08T12:38:21.702-04:00  INFO 97542 --- [dataverse-hub] [restartedMain] com.zaxxer.hikari.HikariDataSource       : HikariPool-30 - Starting...
2025-04-08T12:38:21.721-04:00  INFO 97542 --- [dataverse-hub] [restartedMain] com.zaxxer.hikari.pool.HikariPool        : HikariPool-30 - Added connection org.postgresql.jdbc.PgConnection@31b26d5e
2025-04-08T12:38:21.722-04:00  INFO 97542 --- [dataverse-hub] [restartedMain] com.zaxxer.hikari.HikariDataSource       : HikariPool-30 - Start completed.
2025-04-08T12:38:21.723-04:00  INFO 97542 --- [dataverse-hub] [restartedMain] org.flywaydb.core.FlywayExecutor         : Database: jdbc:postgresql://localhost:5432/dv_hub_pg (PostgreSQL 17.4)
2025-04-08T12:38:21.727-04:00  WARN 97542 --- [dataverse-hub] [restartedMain] o.f.c.internal.database.base.Database    : Flyway upgrade recommended: PostgreSQL 17.4 is newer than this version of Flyway and support has not been tested. The latest supported version of PostgreSQL is 16.
2025-04-08T12:38:21.731-04:00  INFO 97542 --- [dataverse-hub] [restartedMain] o.f.core.internal.command.DbValidate     : Successfully validated 1 migration (execution time 00:00.003s)
2025-04-08T12:38:21.742-04:00  INFO 97542 --- [dataverse-hub] [restartedMain] o.f.core.internal.command.DbMigrate      : Current version of schema "public": 1.0.0
2025-04-08T12:38:21.743-04:00  INFO 97542 --- [dataverse-hub] [restartedMain] o.f.core.internal.command.DbMigrate      : Schema "public" is up to date. No migration necessary.
2025-04-08T12:38:21.749-04:00  INFO 97542 --- [dataverse-hub] [restartedMain] o.hibernate.jpa.internal.util.LogHelper  : HHH000204: Processing PersistenceUnitInfo [name: default]
2025-04-08T12:38:21.749-04:00  INFO 97542 --- [dataverse-hub] [restartedMain] o.h.c.internal.RegionFactoryInitiator    : HHH000026: Second-level cache disabled
2025-04-08T12:38:21.752-04:00  INFO 97542 --- [dataverse-hub] [restartedMain] o.s.o.j.p.SpringPersistenceUnitInfo      : No LoadTimeWeaver setup: ignoring JPA class transformer
2025-04-08T12:38:21.755-04:00  INFO 97542 --- [dataverse-hub] [restartedMain] org.hibernate.orm.connections.pooling    : HHH10001005: Database info:
	Database JDBC URL [Connecting through datasource 'HikariDataSource (HikariPool-30)']
	Database driver: undefined/unknown
	Database version: 17.4
	Autocommit mode: undefined/unknown
	Isolation level: undefined/unknown
	Minimum pool size: undefined/unknown
	Maximum pool size: undefined/unknown
2025-04-08T12:38:21.787-04:00  INFO 97542 --- [dataverse-hub] [restartedMain] o.h.e.t.j.p.i.JtaPlatformInitiator       : HHH000489: No JTA platform available (set 'hibernate.transaction.jta.platform' to enable JTA platform integration)
2025-04-08T12:38:21.787-04:00  INFO 97542 --- [dataverse-hub] [restartedMain] j.LocalContainerEntityManagerFactoryBean : Initialized JPA EntityManagerFactory for persistence unit 'default'
2025-04-08T12:38:21.876-04:00  WARN 97542 --- [dataverse-hub] [restartedMain] JpaBaseConfiguration$JpaWebConfiguration : spring.jpa.open-in-view is enabled by default. Therefore, database queries may be performed during view rendering. Explicitly configure spring.jpa.open-in-view to disable this warning
2025-04-08T12:38:21.879-04:00  WARN 97542 --- [dataverse-hub] [restartedMain] .s.s.UserDetailsServiceAutoConfiguration : 

Using generated security password: aaea543d-d4b8-4865-a00a-93498b359a21

This generated password is for development use only. Your security configuration must be updated before running your application in production.

2025-04-08T12:38:21.880-04:00  INFO 97542 --- [dataverse-hub] [restartedMain] r$InitializeUserDetailsManagerConfigurer : Global AuthenticationManager configured with UserDetailsService bean with name inMemoryUserDetailsManager
2025-04-08T12:38:21.901-04:00  INFO 97542 --- [dataverse-hub] [restartedMain] o.s.v.b.OptionalValidatorFactoryBean     : Failed to set up a Bean Validation provider: jakarta.validation.NoProviderFoundException: Unable to create a Configuration, because no Jakarta Bean Validation provider could be found. Add a provider like Hibernate Validator (RI) to your classpath.
2025-04-08T12:38:21.921-04:00  INFO 97542 --- [dataverse-hub] [restartedMain] o.s.b.d.a.OptionalLiveReloadServer       : LiveReload server is running on port 35729
2025-04-08T12:38:21.924-04:00  INFO 97542 --- [dataverse-hub] [restartedMain] o.s.b.w.embedded.tomcat.TomcatWebServer  : Tomcat started on port 8080 (http) with context path '/'
2025-04-08T12:38:21.926-04:00  INFO 97542 --- [dataverse-hub] [scheduling-1] e.h.i.d.c.s.InstallationGitImporter      : Starting DevMetricsImporter job
2025-04-08T12:38:21.926-04:00  INFO 97542 --- [dataverse-hub] [restartedMain] e.h.i.d.DataverseHubApplication          : Started DataverseHubApplication in 0.427 seconds (process running for 435872.512)
2025-04-08T12:38:21.926-04:00  INFO 97542 --- [dataverse-hub] [restartedMain] .ConditionEvaluationDeltaLoggingListener : Condition evaluation unchanged
2025-04-08T12:38:21.945-04:00  INFO 97542 --- [dataverse-hub] [scheduling-1] e.h.i.d.c.s.InstallationGitImporter      : Job DevMetricsImporter successfully completed
2025-04-08T12:38:21.946-04:00  INFO 97542 --- [dataverse-hub] [scheduling-1] e.h.i.d.c.s.InstallationGitImporter      : Starting InstallationGitImporter job
2025-04-08T12:38:21.948-04:00  INFO 97542 --- [dataverse-hub] [scheduling-1] e.h.i.d.c.s.InstallationGitImporter      : Job InstallationGitImporter successfully completed
2025-04-08T12:38:21.948-04:00  INFO 97542 --- [dataverse-hub] [scheduling-1] e.h.i.d.c.s.InstallationGitImporter      : Starting InstallationMetricsImporter job
2025-04-08T12:38:21.949-04:00  INFO 97542 --- [dataverse-hub] [scheduling-1] e.h.i.d.c.s.InstallationGitImporter      : Job InstallationMetricsImporter successfully completed
2025-04-08T12:38:21.950-04:00  INFO 97542 --- [dataverse-hub] [scheduling-1] d.c.s.InstallationMetricsMonthlyImporter : Starting InstallationMetricsMonthlyImporter job
2025-04-08T12:38:21.951-04:00  INFO 97542 --- [dataverse-hub] [scheduling-1] d.c.s.InstallationMetricsMonthlyImporter : Job InstallationMetricsMonthlyImporter successfully completed
2025-04-08T12:38:21.951-04:00  INFO 97542 --- [dataverse-hub] [scheduling-1] e.h.i.d.c.s.InstallationGitImporter      : Starting VersionDVInstallationCheck job
2025-04-08T12:38:21.951-04:00  INFO 97542 --- [dataverse-hub] [scheduling-1] e.h.i.d.c.s.InstallationGitImporter      : Checking if job is due
2025-04-08T12:38:21.954-04:00  INFO 97542 --- [dataverse-hub] [scheduling-1] e.h.i.d.c.s.InstallationGitImporter      : Job VersionDVInstallationCheck successfully completed
2025-04-08T12:38:30.398-04:00  INFO 97542 --- [dataverse-hub] [File Watcher] rtingClassPathChangeChangedEventListener : Restarting due to 1 class path change (0 additions, 0 deletions, 1 modification)
2025-04-08T12:38:30.399-04:00  INFO 97542 --- [dataverse-hub] [Thread-107] o.s.b.w.e.tomcat.GracefulShutdown        : Commencing graceful shutdown. Waiting for active requests to complete
2025-04-08T12:38:30.402-04:00  INFO 97542 --- [dataverse-hub] [tomcat-shutdown] o.s.b.w.e.tomcat.GracefulShutdown        : Graceful shutdown complete
2025-04-08T12:38:30.403-04:00  INFO 97542 --- [dataverse-hub] [Thread-107] j.LocalContainerEntityManagerFactoryBean : Closing JPA EntityManagerFactory for persistence unit 'default'
2025-04-08T12:38:30.403-04:00  INFO 97542 --- [dataverse-hub] [Thread-107] com.zaxxer.hikari.HikariDataSource       : HikariPool-30 - Shutdown initiated...
2025-04-08T12:38:30.404-04:00  INFO 97542 --- [dataverse-hub] [Thread-107] com.zaxxer.hikari.HikariDataSource       : HikariPool-30 - Shutdown completed.
2025-04-08T12:38:30.404-04:00  INFO 97542 --- [dataverse-hub] [Thread-107] org.ehcache.core.EhcacheManager          : Cache 'installationsMetricsMonthly' removed from EhcacheManager.
2025-04-08T12:38:30.404-04:00  INFO 97542 --- [dataverse-hub] [Thread-107] org.ehcache.core.EhcacheManager          : Cache 'installationsStatus' removed from EhcacheManager.
2025-04-08T12:38:30.471-04:00  INFO 97542 --- [dataverse-hub] [restartedMain] e.h.i.d.DataverseHubApplication          : Starting DataverseHubApplication using Java 21.0.6 with PID 97542 (/Users/jptosca/REP/IQSS/dataverse-hub/target/classes started by jptosca in /Users/jptosca/REP/IQSS/dataverse-hub)
2025-04-08T12:38:30.471-04:00  INFO 97542 --- [dataverse-hub] [restartedMain] e.h.i.d.DataverseHubApplication          : No active profile set, falling back to 1 default profile: "default"
2025-04-08T12:38:30.549-04:00  INFO 97542 --- [dataverse-hub] [restartedMain] .s.d.r.c.RepositoryConfigurationDelegate : Bootstrapping Spring Data JPA repositories in DEFAULT mode.
2025-04-08T12:38:30.557-04:00  INFO 97542 --- [dataverse-hub] [restartedMain] .s.d.r.c.RepositoryConfigurationDelegate : Finished Spring Data repository scanning in 7 ms. Found 8 JPA repository interfaces.
2025-04-08T12:38:30.588-04:00  INFO 97542 --- [dataverse-hub] [restartedMain] o.s.b.w.embedded.tomcat.TomcatWebServer  : Tomcat initialized with port 8080 (http)
2025-04-08T12:38:30.589-04:00  INFO 97542 --- [dataverse-hub] [restartedMain] o.apache.catalina.core.StandardService   : Starting service [Tomcat]
2025-04-08T12:38:30.589-04:00  INFO 97542 --- [dataverse-hub] [restartedMain] o.apache.catalina.core.StandardEngine    : Starting Servlet engine: [Apache Tomcat/10.1.34]
2025-04-08T12:38:30.593-04:00  INFO 97542 --- [dataverse-hub] [restartedMain] o.a.c.c.C.[Tomcat-15].[localhost].[/]    : Initializing Spring embedded WebApplicationContext
2025-04-08T12:38:30.593-04:00  INFO 97542 --- [dataverse-hub] [restartedMain] w.s.c.ServletWebServerApplicationContext : Root WebApplicationContext: initialization completed in 121 ms
2025-04-08T12:38:30.614-04:00  INFO 97542 --- [dataverse-hub] [restartedMain] .e.s.o.t.o.p.UpfrontAllocatingPageSource : Allocating 10.0MB in chunks
2025-04-08T12:38:30.615-04:00  INFO 97542 --- [dataverse-hub] [restartedMain] org.ehcache.core.EhcacheManager          : Cache 'installationsMetricsMonthly' created in EhcacheManager.
2025-04-08T12:38:30.616-04:00  INFO 97542 --- [dataverse-hub] [restartedMain] .e.s.o.t.o.p.UpfrontAllocatingPageSource : Allocating 10.0MB in chunks
2025-04-08T12:38:30.617-04:00  INFO 97542 --- [dataverse-hub] [restartedMain] org.ehcache.core.EhcacheManager          : Cache 'installationsStatus' created in EhcacheManager.
2025-04-08T12:38:30.618-04:00  INFO 97542 --- [dataverse-hub] [restartedMain] org.ehcache.jsr107.Eh107CacheManager     : Registering Ehcache MBean javax.cache:type=CacheStatistics,CacheManager=file./Users/jptosca/REP/IQSS/dataverse-hub/target/classes/ehcache.xml,Cache=installationsMetricsMonthly
2025-04-08T12:38:30.618-04:00  INFO 97542 --- [dataverse-hub] [restartedMain] org.ehcache.jsr107.Eh107CacheManager     : Registering Ehcache MBean javax.cache:type=CacheStatistics,CacheManager=file./Users/jptosca/REP/IQSS/dataverse-hub/target/classes/ehcache.xml,Cache=installationsStatus
2025-04-08T12:38:30.627-04:00  INFO 97542 --- [dataverse-hub] [restartedMain] com.zaxxer.hikari.HikariDataSource       : HikariPool-31 - Starting...
2025-04-08T12:38:30.641-04:00  INFO 97542 --- [dataverse-hub] [restartedMain] com.zaxxer.hikari.pool.HikariPool        : HikariPool-31 - Added connection org.postgresql.jdbc.PgConnection@730a64e2
2025-04-08T12:38:30.641-04:00  INFO 97542 --- [dataverse-hub] [restartedMain] com.zaxxer.hikari.HikariDataSource       : HikariPool-31 - Start completed.
2025-04-08T12:38:30.642-04:00  INFO 97542 --- [dataverse-hub] [restartedMain] org.flywaydb.core.FlywayExecutor         : Database: jdbc:postgresql://localhost:5432/dv_hub_pg (PostgreSQL 17.4)
2025-04-08T12:38:30.646-04:00  WARN 97542 --- [dataverse-hub] [restartedMain] o.f.c.internal.database.base.Database    : Flyway upgrade recommended: PostgreSQL 17.4 is newer than this version of Flyway and support has not been tested. The latest supported version of PostgreSQL is 16.
2025-04-08T12:38:30.650-04:00  INFO 97542 --- [dataverse-hub] [restartedMain] o.f.core.internal.command.DbValidate     : Successfully validated 1 migration (execution time 00:00.002s)
2025-04-08T12:38:30.662-04:00  INFO 97542 --- [dataverse-hub] [restartedMain] o.f.core.internal.command.DbMigrate      : Current version of schema "public": 1.0.0
2025-04-08T12:38:30.662-04:00  INFO 97542 --- [dataverse-hub] [restartedMain] o.f.core.internal.command.DbMigrate      : Schema "public" is up to date. No migration necessary.
2025-04-08T12:38:30.669-04:00  INFO 97542 --- [dataverse-hub] [restartedMain] o.hibernate.jpa.internal.util.LogHelper  : HHH000204: Processing PersistenceUnitInfo [name: default]
2025-04-08T12:38:30.669-04:00  INFO 97542 --- [dataverse-hub] [restartedMain] o.h.c.internal.RegionFactoryInitiator    : HHH000026: Second-level cache disabled
2025-04-08T12:38:30.673-04:00  INFO 97542 --- [dataverse-hub] [restartedMain] o.s.o.j.p.SpringPersistenceUnitInfo      : No LoadTimeWeaver setup: ignoring JPA class transformer
2025-04-08T12:38:30.676-04:00  INFO 97542 --- [dataverse-hub] [restartedMain] org.hibernate.orm.connections.pooling    : HHH10001005: Database info:
	Database JDBC URL [Connecting through datasource 'HikariDataSource (HikariPool-31)']
	Database driver: undefined/unknown
	Database version: 17.4
	Autocommit mode: undefined/unknown
	Isolation level: undefined/unknown
	Minimum pool size: undefined/unknown
	Maximum pool size: undefined/unknown
2025-04-08T12:38:30.712-04:00  INFO 97542 --- [dataverse-hub] [restartedMain] o.h.e.t.j.p.i.JtaPlatformInitiator       : HHH000489: No JTA platform available (set 'hibernate.transaction.jta.platform' to enable JTA platform integration)
2025-04-08T12:38:30.712-04:00  INFO 97542 --- [dataverse-hub] [restartedMain] j.LocalContainerEntityManagerFactoryBean : Initialized JPA EntityManagerFactory for persistence unit 'default'
2025-04-08T12:38:30.800-04:00  WARN 97542 --- [dataverse-hub] [restartedMain] JpaBaseConfiguration$JpaWebConfiguration : spring.jpa.open-in-view is enabled by default. Therefore, database queries may be performed during view rendering. Explicitly configure spring.jpa.open-in-view to disable this warning
2025-04-08T12:38:30.803-04:00  WARN 97542 --- [dataverse-hub] [restartedMain] .s.s.UserDetailsServiceAutoConfiguration : 

Using generated security password: 995ed8de-fb47-47bf-9967-ec0086af5821

This generated password is for development use only. Your security configuration must be updated before running your application in production.

2025-04-08T12:38:30.803-04:00  INFO 97542 --- [dataverse-hub] [restartedMain] r$InitializeUserDetailsManagerConfigurer : Global AuthenticationManager configured with UserDetailsService bean with name inMemoryUserDetailsManager
2025-04-08T12:38:30.824-04:00  INFO 97542 --- [dataverse-hub] [restartedMain] o.s.v.b.OptionalValidatorFactoryBean     : Failed to set up a Bean Validation provider: jakarta.validation.NoProviderFoundException: Unable to create a Configuration, because no Jakarta Bean Validation provider could be found. Add a provider like Hibernate Validator (RI) to your classpath.
2025-04-08T12:38:30.845-04:00  INFO 97542 --- [dataverse-hub] [restartedMain] o.s.b.d.a.OptionalLiveReloadServer       : LiveReload server is running on port 35729
2025-04-08T12:38:30.848-04:00  INFO 97542 --- [dataverse-hub] [restartedMain] o.s.b.w.embedded.tomcat.TomcatWebServer  : Tomcat started on port 8080 (http) with context path '/'
2025-04-08T12:38:30.849-04:00  INFO 97542 --- [dataverse-hub] [scheduling-1] e.h.i.d.c.s.InstallationGitImporter      : Starting DevMetricsImporter job
2025-04-08T12:38:30.849-04:00  INFO 97542 --- [dataverse-hub] [restartedMain] e.h.i.d.DataverseHubApplication          : Started DataverseHubApplication in 0.388 seconds (process running for 435881.436)
2025-04-08T12:38:30.850-04:00  INFO 97542 --- [dataverse-hub] [restartedMain] .ConditionEvaluationDeltaLoggingListener : Condition evaluation unchanged
2025-04-08T12:38:30.869-04:00  INFO 97542 --- [dataverse-hub] [scheduling-1] e.h.i.d.c.s.InstallationGitImporter      : Job DevMetricsImporter successfully completed
2025-04-08T12:38:30.869-04:00  INFO 97542 --- [dataverse-hub] [scheduling-1] e.h.i.d.c.s.InstallationGitImporter      : Starting InstallationGitImporter job
2025-04-08T12:38:30.871-04:00  INFO 97542 --- [dataverse-hub] [scheduling-1] e.h.i.d.c.s.InstallationGitImporter      : Job InstallationGitImporter successfully completed
2025-04-08T12:38:30.871-04:00  INFO 97542 --- [dataverse-hub] [scheduling-1] e.h.i.d.c.s.InstallationGitImporter      : Starting InstallationMetricsImporter job
2025-04-08T12:38:30.873-04:00  INFO 97542 --- [dataverse-hub] [scheduling-1] e.h.i.d.c.s.InstallationGitImporter      : Job InstallationMetricsImporter successfully completed
2025-04-08T12:38:30.873-04:00  INFO 97542 --- [dataverse-hub] [scheduling-1] d.c.s.InstallationMetricsMonthlyImporter : Starting InstallationMetricsMonthlyImporter job
2025-04-08T12:38:30.873-04:00  INFO 97542 --- [dataverse-hub] [scheduling-1] d.c.s.InstallationMetricsMonthlyImporter : Job InstallationMetricsMonthlyImporter successfully completed
2025-04-08T12:38:30.873-04:00  INFO 97542 --- [dataverse-hub] [scheduling-1] e.h.i.d.c.s.InstallationGitImporter      : Starting VersionDVInstallationCheck job
2025-04-08T12:38:30.873-04:00  INFO 97542 --- [dataverse-hub] [scheduling-1] e.h.i.d.c.s.InstallationGitImporter      : Checking if job is due
2025-04-08T12:38:30.875-04:00  INFO 97542 --- [dataverse-hub] [scheduling-1] e.h.i.d.c.s.InstallationGitImporter      : Job VersionDVInstallationCheck successfully completed
2025-04-08T13:38:30.867-04:00  INFO 97542 --- [dataverse-hub] [scheduling-1] e.h.i.d.c.s.InstallationGitImporter      : Starting VersionDVInstallationCheck job
2025-04-08T13:38:30.874-04:00  INFO 97542 --- [dataverse-hub] [scheduling-1] e.h.i.d.c.s.InstallationGitImporter      : Checking if job is due
2025-04-08T13:38:31.006-04:00  INFO 97542 --- [dataverse-hub] [scheduling-1] e.h.i.d.c.s.InstallationGitImporter      : Job VersionDVInstallationCheck successfully completed
2025-04-08T14:01:58.013-04:00  WARN 97542 --- [dataverse-hub] [HikariPool-31 housekeeper] com.zaxxer.hikari.pool.HikariPool        : HikariPool-31 - Thread starvation or clock leap detected (housekeeper delta=1m26s562ms).
2025-04-08T14:38:21.825-04:00  INFO 97542 --- [dataverse-hub] [http-nio-8080-exec-1] o.a.c.c.C.[Tomcat-15].[localhost].[/]    : Initializing Spring DispatcherServlet 'dispatcherServlet'
2025-04-08T14:38:21.827-04:00  INFO 97542 --- [dataverse-hub] [http-nio-8080-exec-1] o.s.web.servlet.DispatcherServlet        : Initializing Servlet 'dispatcherServlet'
2025-04-08T14:38:21.875-04:00  INFO 97542 --- [dataverse-hub] [http-nio-8080-exec-1] o.s.web.servlet.DispatcherServlet        : Completed initialization in 48 ms
2025-04-08T14:38:22.470-04:00  INFO 97542 --- [dataverse-hub] [http-nio-8080-exec-9] o.springdoc.api.AbstractOpenApiResource  : Init duration for springdoc-openapi is: 191 ms
2025-04-08T14:39:27.407-04:00  INFO 97542 --- [dataverse-hub] [scheduling-1] e.h.i.d.c.s.InstallationGitImporter      : Starting VersionDVInstallationCheck job
2025-04-08T14:39:27.409-04:00  INFO 97542 --- [dataverse-hub] [scheduling-1] e.h.i.d.c.s.InstallationGitImporter      : Checking if job is due
2025-04-08T14:39:27.442-04:00  INFO 97542 --- [dataverse-hub] [scheduling-1] e.h.i.d.c.s.InstallationGitImporter      : Job VersionDVInstallationCheck successfully completed
2025-04-08T15:02:34.632-04:00  WARN 97542 --- [dataverse-hub] [HikariPool-31 housekeeper] com.zaxxer.hikari.pool.HikariPool        : HikariPool-31 - Thread starvation or clock leap detected (housekeeper delta=1m5s874ms).
2025-04-08T15:13:21.877-04:00  INFO 97542 --- [dataverse-hub] [SpringApplicationShutdownHook] o.s.b.w.e.tomcat.GracefulShutdown        : Commencing graceful shutdown. Waiting for active requests to complete
2025-04-08T15:13:21.899-04:00  INFO 97542 --- [dataverse-hub] [tomcat-shutdown] o.s.b.w.e.tomcat.GracefulShutdown        : Graceful shutdown complete
2025-04-08T15:13:21.922-04:00  INFO 97542 --- [dataverse-hub] [SpringApplicationShutdownHook] j.LocalContainerEntityManagerFactoryBean : Closing JPA EntityManagerFactory for persistence unit 'default'
2025-04-08T15:13:21.941-04:00  INFO 97542 --- [dataverse-hub] [SpringApplicationShutdownHook] com.zaxxer.hikari.HikariDataSource       : HikariPool-31 - Shutdown initiated...
2025-04-08T15:13:23.710-04:00  INFO 97542 --- [dataverse-hub] [SpringApplicationShutdownHook] com.zaxxer.hikari.HikariDataSource       : HikariPool-31 - Shutdown completed.
2025-04-08T15:13:23.728-04:00  INFO 97542 --- [dataverse-hub] [SpringApplicationShutdownHook] org.ehcache.core.EhcacheManager          : Cache 'installationsMetricsMonthly' removed from EhcacheManager.
2025-04-08T15:13:23.729-04:00  INFO 97542 --- [dataverse-hub] [SpringApplicationShutdownHook] org.ehcache.core.EhcacheManager          : Cache 'installationsStatus' removed from EhcacheManager.
